==========================================================
* Output for the SCF energy calculation *
========================================================== 


Total number of basis function: 4
SCF energy convergence criterion: 1e-12
Density matrix convergence criterion: 1e-12
DIIS error vector convergence criterion: 1e-12

HF SCF ITERATIONS:
------------------
Iteration 1:
     * HF electronic energy: -3.988537172358422 Ha.
    * Norm of DIIS error vector = 0.7573335784102906
    * Energy convergence = -3.988537172358422 Eh
    * Norm of density matrix convergence = 0.5225874579040072

Iteration 2:
     * HF electronic energy: -2.749580870950206 Ha.
    * Norm of DIIS error vector = 0.043847255399746266
    * Energy convergence = 1.238956301408216 Eh
    * Norm of density matrix convergence = 0.23668480460177518

Iteration 3:
    * HF electronic energy: -2.8546463021687325 Ha.
    * Norm of DIIS error vector = 0.003442783057948296
    * Energy convergence = -0.1050654312185264 Eh
    * Norm of density matrix convergence = 0.02824042059490212

Iteration 4:
    * HF electronic energy: -2.8551498525699053 Ha.
    * Norm of DIIS error vector = 4.981409525228642e-05
    * Energy convergence = -0.0005035504011727809 Eh
    * Norm of density matrix convergence = 0.002317115489153173

Iteration 5:
    * HF electronic energy: -2.8551605752597533 Ha.
    * Norm of DIIS error vector = 6.237852816793625e-07
    * Energy convergence = -1.0722689848030598e-05 Eh
    * Norm of density matrix convergence = 4.3983334497702895e-05

Iteration 6:
    * HF electronic energy: -2.855160476917356 Ha.
    * Norm of DIIS error vector = 2.0333337695269094e-09
    * Energy convergence = 9.834239733663708e-08 Eh
    * Norm of density matrix convergence = 2.976896676095746e-07

Iteration 7:
    * HF electronic energy: -2.8551604772451347 Ha.
    * Norm of DIIS error vector = 2.167194948189885e-13
    * Energy convergence = -3.277786930766524e-10 Eh
    * Norm of density matrix convergence = 1.0184135189945462e-09

Iteration 8:
    * HF electronic energy: -2.85516047724439 Ha.
    * Norm of DIIS error vector = 4.735343976853717e-12
    * Energy convergence = 7.44737604918555e-13 Eh
    * Norm of density matrix convergence = 2.3445585240540194e-12

Iteration 9:
    * HF electronic energy: -2.855160477245233 Ha.
    * Norm of DIIS error vector = 3.7309579022434927e-13
    * Energy convergence = -8.428813202954188e-13 Eh
    * Norm of density matrix convergence = 2.6537179022417303e-12

Iteration 10:
    * HF electronic energy: -2.855160477245172 Ha.
    * Norm of DIIS error vector = 1.1245549612471046e-14
    * Energy convergence = 6.084022174945858e-14 Eh
    * Norm of density matrix convergence = 1.9098759217244606e-13

SCF ENERGY AND DENSITY CONVERGED WITHIN 10 ITERATIONS!


ORBITAL ENERGIES:
-----------------
[-0.91414791  1.16005336  8.58016246 62.3111885 ]


FINAL RESULT:
-------------
     * DIIS-HF electronic energy: -2.855160477245172 Ha.
     * HOMO-LUMO gap = 2.074201263199463 Ha

     * MP2 correlation energy: -0.012990283152309214 Ha.
     * MP2 electronic energy: -2.8681507603974814 Ha
.
     * CCD correlation energy: -0.012931024577298058 Ha.
     * CCD electronic energy: -2.86809150182247 Ha
.
     * CCSD correlation energy: -0.01663035746330461 Ha.
     * CCSD electronic energy: -2.8717908347084764 Ha
.
     * QCISD correlation energy: -0.021879751773110977 Ha.
     * QCISD electronic energy: -2.877040229018283 Ha
.
Wall time = 11.761643403000562 seconds
